Performing C++ SOURCE FILE Test CMAKE_HAVE_LIBC_PTHREAD failed with the following output:
Change Dir: /home/graphvite_mpi/build/gflags/CMakeFiles/CMakeTmp

Run Build Command(s):/usr/bin/make -f Makefile cmTC_9d9ce/fast && make[3]: Entering directory '/home/graphvite_mpi/build/gflags/CMakeFiles/CMakeTmp'
/usr/bin/make  -f CMakeFiles/cmTC_9d9ce.dir/build.make CMakeFiles/cmTC_9d9ce.dir/build
make[4]: Entering directory '/home/graphvite_mpi/build/gflags/CMakeFiles/CMakeTmp'
Building CXX object CMakeFiles/cmTC_9d9ce.dir/src.cxx.o
/usr/bin/c++ -DCMAKE_HAVE_LIBC_PTHREAD   -o CMakeFiles/cmTC_9d9ce.dir/src.cxx.o -c /home/graphvite_mpi/build/gflags/CMakeFiles/CMakeTmp/src.cxx
Linking CXX executable cmTC_9d9ce
/usr/local/bin/cmake -E cmake_link_script CMakeFiles/cmTC_9d9ce.dir/link.txt --verbose=1
/usr/bin/c++ -rdynamic CMakeFiles/cmTC_9d9ce.dir/src.cxx.o -o cmTC_9d9ce 
CMakeFiles/cmTC_9d9ce.dir/src.cxx.o: In function `main':
src.cxx:(.text+0x3e): undefined reference to `pthread_create'
src.cxx:(.text+0x4a): undefined reference to `pthread_detach'
src.cxx:(.text+0x56): undefined reference to `pthread_cancel'
src.cxx:(.text+0x67): undefined reference to `pthread_join'
src.cxx:(.text+0x7b): undefined reference to `pthread_atfork'
collect2: error: ld returned 1 exit status
CMakeFiles/cmTC_9d9ce.dir/build.make:98: recipe for target 'cmTC_9d9ce' failed
make[4]: *** [cmTC_9d9ce] Error 1
make[4]: Leaving directory '/home/graphvite_mpi/build/gflags/CMakeFiles/CMakeTmp'
Makefile:127: recipe for target 'cmTC_9d9ce/fast' failed
make[3]: *** [cmTC_9d9ce/fast] Error 2
make[3]: Leaving directory '/home/graphvite_mpi/build/gflags/CMakeFiles/CMakeTmp'


Source file was:
#include <pthread.h>

static void* test_func(void* data)
{
  return data;
}

int main(void)
{
  pthread_t thread;
  pthread_create(&thread, NULL, test_func, NULL);
  pthread_detach(thread);
  pthread_cancel(thread);
  pthread_join(thread, NULL);
  pthread_atfork(NULL, NULL, NULL);
  pthread_exit(NULL);

  return 0;
}

Determining if the function pthread_create exists in the pthreads failed with the following output:
Change Dir: /home/graphvite_mpi/build/gflags/CMakeFiles/CMakeTmp

Run Build Command(s):/usr/bin/make -f Makefile cmTC_1cb04/fast && make[3]: Entering directory '/home/graphvite_mpi/build/gflags/CMakeFiles/CMakeTmp'
/usr/bin/make  -f CMakeFiles/cmTC_1cb04.dir/build.make CMakeFiles/cmTC_1cb04.dir/build
make[4]: Entering directory '/home/graphvite_mpi/build/gflags/CMakeFiles/CMakeTmp'
Building CXX object CMakeFiles/cmTC_1cb04.dir/CheckFunctionExists.cxx.o
/usr/bin/c++   -DCHECK_FUNCTION_EXISTS=pthread_create -o CMakeFiles/cmTC_1cb04.dir/CheckFunctionExists.cxx.o -c /home/graphvite_mpi/build/gflags/CMakeFiles/CheckLibraryExists/CheckFunctionExists.cxx
Linking CXX executable cmTC_1cb04
/usr/local/bin/cmake -E cmake_link_script CMakeFiles/cmTC_1cb04.dir/link.txt --verbose=1
/usr/bin/c++  -DCHECK_FUNCTION_EXISTS=pthread_create -rdynamic CMakeFiles/cmTC_1cb04.dir/CheckFunctionExists.cxx.o -o cmTC_1cb04  -lpthreads 
/usr/bin/ld: cannot find -lpthreads
collect2: error: ld returned 1 exit status
CMakeFiles/cmTC_1cb04.dir/build.make:98: recipe for target 'cmTC_1cb04' failed
make[4]: *** [cmTC_1cb04] Error 1
make[4]: Leaving directory '/home/graphvite_mpi/build/gflags/CMakeFiles/CMakeTmp'
Makefile:127: recipe for target 'cmTC_1cb04/fast' failed
make[3]: *** [cmTC_1cb04/fast] Error 2
make[3]: Leaving directory '/home/graphvite_mpi/build/gflags/CMakeFiles/CMakeTmp'



